<?xml version="1.0" encoding="UTF-8"?>
<testsuite name="org.openphc.cce.emitter.OpenmrsCceEmitterAdaptorApplicationTests" tests="1" skipped="0" failures="0" errors="0" timestamp="2026-05-10T12:10:00" hostname="TI-LAP-1212" time="0.822">
  <properties/>
  <testcase name="contextLoads()" classname="org.openphc.cce.emitter.OpenmrsCceEmitterAdaptorApplicationTests" time="0.822"/>
  <system-out><![CDATA[17:39:58.015 [Test worker] INFO org.springframework.test.context.support.AnnotationConfigContextLoaderUtils -- Could not detect default configuration classes for test class [org.openphc.cce.emitter.OpenmrsCceEmitterAdaptorApplicationTests]: OpenmrsCceEmitterAdaptorApplicationTests does not declare any static, non-private, non-final, nested classes annotated with @Configuration.
17:39:58.159 [Test worker] INFO org.springframework.boot.test.context.SpringBootTestContextBootstrapper -- Found @SpringBootConfiguration org.openphc.cce.emitter.OpenmrsCceEmitterAdaptorApplication for test class org.openphc.cce.emitter.OpenmrsCceEmitterAdaptorApplicationTests

  .   ____          _            __ _ _
 /\\ / ___'_ __ _ _(_)_ __  __ _ \ \ \ \
( ( )\___ | '_ | '_| | '_ \/ _` | \ \ \ \
 \\/  ___)| |_)| | | | | || (_| |  ) ) ) )
  '  |____| .__|_| |_|_| |_\__, | / / / /
 =========|_|==============|___/=/_/_/_/

 :: Spring Boot ::                (v3.4.1)

2026-05-10 17:39:58,750 [background-preinit] INFO  o.h.validator.internal.util.Version [] [] [] - HV000001: Hibernate Validator 8.0.2.Final
2026-05-10 17:39:58,777 [Test worker] INFO  o.o.c.e.OpenmrsCceEmitterAdaptorApplicationTests [] [] [] - Starting OpenmrsCceEmitterAdaptorApplicationTests using Java 21.0.10 with PID 1078465 (started by shashankakkasali in /home/shashankakkasali/Documents/Project/Medtronics/workspace/openmrs-emitter/demo/openmrs-cce-emitter-adaptor)
2026-05-10 17:39:58,778 [Test worker] INFO  o.o.c.e.OpenmrsCceEmitterAdaptorApplicationTests [] [] [] - No active profile set, falling back to 1 default profile: "default"
2026-05-10 17:39:59,895 [Test worker] INFO  o.o.c.e.service.CheckpointStore [] [] [] - No checkpoint file at ./data/checkpoints.json — will use sliding window seed on first poll
2026-05-10 17:39:59,924 [Test worker] INFO  ca.uhn.fhir.util.VersionUtil [] [] [] - HAPI FHIR version 7.4.0 - Rev 71e9af61cf
2026-05-10 17:39:59,933 [Test worker] INFO  ca.uhn.fhir.context.FhirContext [] [] [] - Creating new FHIR context for FHIR version [R4]
2026-05-10 17:40:00,780 [Test worker] INFO  o.s.b.a.e.web.EndpointLinksResolver [] [] [] - Exposing 3 endpoints beneath base path '/actuator'
2026-05-10 17:40:00,838 [Test worker] INFO  o.o.c.e.OpenmrsCceEmitterAdaptorApplicationTests [] [] [] - Started OpenmrsCceEmitterAdaptorApplicationTests in 2.524 seconds (process running for 3.837)
]]></system-out>
  <system-err><![CDATA[Mockito is currently self-attaching to enable the inline-mock-maker. This will no longer work in future releases of the JDK. Please add Mockito as an agent to your build what is described in Mockito's documentation: https://javadoc.io/doc/org.mockito/mockito-core/latest/org/mockito/Mockito.html#0.3
WARNING: A Java agent has been loaded dynamically (/home/shashankakkasali/.gradle/caches/modules-2/files-2.1/net.bytebuddy/byte-buddy-agent/1.15.11/a38b16385e867f59a641330f0362ebe742788ed8/byte-buddy-agent-1.15.11.jar)
WARNING: If a serviceability tool is in use, please run with -XX:+EnableDynamicAgentLoading to hide this warning
WARNING: If a serviceability tool is not in use, please run with -Djdk.instrument.traceUsage for more information
WARNING: Dynamic loading of agents will be disallowed by default in a future release
]]></system-err>
</testsuite>
